[06:21:41.755]<info> : Logger initialized
[06:21:41.756]<info> : Using ObEngineCore (Version : v0.4.2 (trigger_data:14b24b29ca559e3c1ed9768163db1ef1682a201f))
[06:21:41.762]<info> : <MountablePath> Mounted Path : '' with priority 0
[06:21:41.762]<info> : <MountablePath> List of mounted paths : 
[06:21:41.763]<info> : <MountablePath> MountedPath : 
[06:21:41.764]<info> : <ObEngine> Initialisation over !
[06:21:41.765]<info> : <ObEngine> Screen surface resolution 1920.0x1080.0
[06:21:41.875]<info> : Loading config file from Data/config.cfg.vili
[06:21:41.881]<info> : Log Level 1
[06:21:42.282]<debug> : <EventManager> Initializing EventManager
[06:21:42.283]<debug> : <EventNamespace> Creating EventGroup 'Game' in Namespace 'Event'
[06:21:42.284]<debug> : <EventGroup> Add Event 'Start' to EventGroup 'Event.Game'
[06:21:42.284]<debug> : <EventGroup> Add Event 'End' to EventGroup 'Event.Game'
[06:21:42.284]<debug> : <EventGroup> Add Event 'Update' to EventGroup 'Event.Game'
[06:21:42.285]<debug> : <EventGroup> Add Event 'Render' to EventGroup 'Event.Game'
[06:21:42.285]<debug> : <TriggerManager> Initializing TriggerManager
[06:21:42.285]<debug> : <TriggerManager> Creating Namespace Event in TriggerManager
[06:21:42.286]<debug> : <TriggerManager> Creating TriggerGroup Actions in Namespace Event
[06:21:42.367]<debug> : <TriggerManager> Creating TriggerGroup Keys in Namespace Event
[06:21:42.367]<debug> : <TriggerGroup> Add Trigger I to TriggerGroup Event.Keys
[06:21:42.368]<debug> : <TriggerGroup> Add Trigger NumPad8 to TriggerGroup Event.Keys
[06:21:42.368]<debug> : <TriggerGroup> Add Trigger Add to TriggerGroup Event.Keys
[06:21:42.368]<debug> : <TriggerGroup> Add Trigger Y to TriggerGroup Event.Keys
[06:21:42.369]<debug> : <TriggerGroup> Add Trigger RSystem to TriggerGroup Event.Keys
[06:21:42.369]<debug> : <TriggerGroup> Add Trigger A to TriggerGroup Event.Keys
[06:21:42.369]<debug> : <TriggerGroup> Add Trigger R to TriggerGroup Event.Keys
[06:21:42.370]<debug> : <TriggerGroup> Add Trigger Down to TriggerGroup Event.Keys
[06:21:42.370]<debug> : <TriggerGroup> Add Trigger NumPad3 to TriggerGroup Event.Keys
[06:21:42.370]<debug> : <TriggerGroup> Add Trigger Z to TriggerGroup Event.Keys
[06:21:42.370]<debug> : <TriggerGroup> Add Trigger Left to TriggerGroup Event.Keys
[06:21:42.371]<debug> : <TriggerGroup> Add Trigger NumPad4 to TriggerGroup Event.Keys
[06:21:42.371]<debug> : <TriggerGroup> Add Trigger U to TriggerGroup Event.Keys
[06:21:42.372]<debug> : <TriggerGroup> Add Trigger Up to TriggerGroup Event.Keys
[06:21:42.372]<debug> : <TriggerGroup> Add Trigger E to TriggerGroup Event.Keys
[06:21:42.372]<debug> : <TriggerGroup> Add Trigger NumPad5 to TriggerGroup Event.Keys
[06:21:42.373]<debug> : <TriggerGroup> Add Trigger RBracket to TriggerGroup Event.Keys
[06:21:42.373]<debug> : <TriggerGroup> Add Trigger T to TriggerGroup Event.Keys
[06:21:42.373]<debug> : <TriggerGroup> Add Trigger F12 to TriggerGroup Event.Keys
[06:21:42.374]<debug> : <TriggerGroup> Add Trigger RMB to TriggerGroup Event.Keys
[06:21:42.374]<debug> : <TriggerGroup> Add Trigger O to TriggerGroup Event.Keys
[06:21:42.374]<debug> : <TriggerGroup> Add Trigger NumPad1 to TriggerGroup Event.Keys
[06:21:42.375]<debug> : <TriggerGroup> Add Trigger P to TriggerGroup Event.Keys
[06:21:42.375]<debug> : <TriggerGroup> Add Trigger NumPad0 to TriggerGroup Event.Keys
[06:21:42.375]<debug> : <TriggerGroup> Add Trigger Q to TriggerGroup Event.Keys
[06:21:42.377]<debug> : <TriggerGroup> Add Trigger NumPad2 to TriggerGroup Event.Keys
[06:21:42.378]<debug> : <TriggerGroup> Add Trigger S to TriggerGroup Event.Keys
[06:21:42.378]<debug> : <TriggerGroup> Add Trigger D to TriggerGroup Event.Keys
[06:21:42.379]<debug> : <TriggerGroup> Add Trigger F to TriggerGroup Event.Keys
[06:21:42.379]<debug> : <TriggerGroup> Add Trigger G to TriggerGroup Event.Keys
[06:21:42.379]<debug> : <TriggerGroup> Add Trigger H to TriggerGroup Event.Keys
[06:21:42.380]<debug> : <TriggerGroup> Add Trigger J to TriggerGroup Event.Keys
[06:21:42.380]<debug> : <TriggerGroup> Add Trigger K to TriggerGroup Event.Keys
[06:21:42.380]<debug> : <TriggerGroup> Add Trigger F11 to TriggerGroup Event.Keys
[06:21:42.381]<debug> : <TriggerGroup> Add Trigger L to TriggerGroup Event.Keys
[06:21:42.381]<debug> : <TriggerGroup> Add Trigger F10 to TriggerGroup Event.Keys
[06:21:42.382]<debug> : <TriggerGroup> Add Trigger Comma to TriggerGroup Event.Keys
[06:21:42.382]<debug> : <TriggerGroup> Add Trigger M to TriggerGroup Event.Keys
[06:21:42.382]<debug> : <TriggerGroup> Add Trigger NumPad6 to TriggerGroup Event.Keys
[06:21:42.383]<debug> : <TriggerGroup> Add Trigger W to TriggerGroup Event.Keys
[06:21:42.383]<debug> : <TriggerGroup> Add Trigger NumPad9 to TriggerGroup Event.Keys
[06:21:42.383]<debug> : <TriggerGroup> Add Trigger X to TriggerGroup Event.Keys
[06:21:42.384]<debug> : <TriggerGroup> Add Trigger C to TriggerGroup Event.Keys
[06:21:42.384]<debug> : <TriggerGroup> Add Trigger NumPad7 to TriggerGroup Event.Keys
[06:21:42.385]<debug> : <TriggerGroup> Add Trigger V to TriggerGroup Event.Keys
[06:21:42.385]<debug> : <TriggerGroup> Add Trigger B to TriggerGroup Event.Keys
[06:21:42.385]<debug> : <TriggerGroup> Add Trigger N to TriggerGroup Event.Keys
[06:21:42.386]<debug> : <TriggerGroup> Add Trigger 0 to TriggerGroup Event.Keys
[06:21:42.388]<debug> : <TriggerGroup> Add Trigger 1 to TriggerGroup Event.Keys
[06:21:42.388]<debug> : <TriggerGroup> Add Trigger Dash to TriggerGroup Event.Keys
[06:21:42.388]<debug> : <TriggerGroup> Add Trigger 2 to TriggerGroup Event.Keys
[06:21:42.389]<debug> : <TriggerGroup> Add Trigger 3 to TriggerGroup Event.Keys
[06:21:42.389]<debug> : <TriggerGroup> Add Trigger 4 to TriggerGroup Event.Keys
[06:21:42.390]<debug> : <TriggerGroup> Add Trigger LMB to TriggerGroup Event.Keys
[06:21:42.390]<debug> : <TriggerGroup> Add Trigger 5 to TriggerGroup Event.Keys
[06:21:42.391]<debug> : <TriggerGroup> Add Trigger 6 to TriggerGroup Event.Keys
[06:21:42.391]<debug> : <TriggerGroup> Add Trigger 7 to TriggerGroup Event.Keys
[06:21:42.392]<debug> : <TriggerGroup> Add Trigger 8 to TriggerGroup Event.Keys
[06:21:42.392]<debug> : <TriggerGroup> Add Trigger 9 to TriggerGroup Event.Keys
[06:21:42.393]<debug> : <TriggerGroup> Add Trigger Right to TriggerGroup Event.Keys
[06:21:42.393]<debug> : <TriggerGroup> Add Trigger F1 to TriggerGroup Event.Keys
[06:21:42.393]<debug> : <TriggerGroup> Add Trigger F2 to TriggerGroup Event.Keys
[06:21:42.394]<debug> : <TriggerGroup> Add Trigger F3 to TriggerGroup Event.Keys
[06:21:42.394]<debug> : <TriggerGroup> Add Trigger MMB to TriggerGroup Event.Keys
[06:21:42.394]<debug> : <TriggerGroup> Add Trigger F4 to TriggerGroup Event.Keys
[06:21:42.395]<debug> : <TriggerGroup> Add Trigger F5 to TriggerGroup Event.Keys
[06:21:42.395]<debug> : <TriggerGroup> Add Trigger F6 to TriggerGroup Event.Keys
[06:21:42.396]<debug> : <TriggerGroup> Add Trigger F7 to TriggerGroup Event.Keys
[06:21:42.397]<debug> : <TriggerGroup> Add Trigger F8 to TriggerGroup Event.Keys
[06:21:42.398]<debug> : <TriggerGroup> Add Trigger F9 to TriggerGroup Event.Keys
[06:21:42.399]<debug> : <TriggerGroup> Add Trigger Backslash to TriggerGroup Event.Keys
[06:21:42.399]<debug> : <TriggerGroup> Add Trigger Backspace to TriggerGroup Event.Keys
[06:21:42.400]<debug> : <TriggerGroup> Add Trigger Delete to TriggerGroup Event.Keys
[06:21:42.400]<debug> : <TriggerGroup> Add Trigger Divide to TriggerGroup Event.Keys
[06:21:42.400]<debug> : <TriggerGroup> Add Trigger End to TriggerGroup Event.Keys
[06:21:42.401]<debug> : <TriggerGroup> Add Trigger Equal to TriggerGroup Event.Keys
[06:21:42.401]<debug> : <TriggerGroup> Add Trigger Escape to TriggerGroup Event.Keys
[06:21:42.401]<debug> : <TriggerGroup> Add Trigger Home to TriggerGroup Event.Keys
[06:21:42.402]<debug> : <TriggerGroup> Add Trigger Insert to TriggerGroup Event.Keys
[06:21:42.402]<debug> : <TriggerGroup> Add Trigger LAlt to TriggerGroup Event.Keys
[06:21:42.403]<debug> : <TriggerGroup> Add Trigger LBracket to TriggerGroup Event.Keys
[06:21:42.403]<debug> : <TriggerGroup> Add Trigger LControl to TriggerGroup Event.Keys
[06:21:42.403]<debug> : <TriggerGroup> Add Trigger LShift to TriggerGroup Event.Keys
[06:21:42.404]<debug> : <TriggerGroup> Add Trigger Menu to TriggerGroup Event.Keys
[06:21:42.404]<debug> : <TriggerGroup> Add Trigger Multiply to TriggerGroup Event.Keys
[06:21:42.404]<debug> : <TriggerGroup> Add Trigger PageDown to TriggerGroup Event.Keys
[06:21:42.405]<debug> : <TriggerGroup> Add Trigger PageUp to TriggerGroup Event.Keys
[06:21:42.405]<debug> : <TriggerGroup> Add Trigger Pause to TriggerGroup Event.Keys
[06:21:42.405]<debug> : <TriggerGroup> Add Trigger Period to TriggerGroup Event.Keys
[06:21:42.407]<debug> : <TriggerGroup> Add Trigger Quote to TriggerGroup Event.Keys
[06:21:42.408]<debug> : <TriggerGroup> Add Trigger RAlt to TriggerGroup Event.Keys
[06:21:42.408]<debug> : <TriggerGroup> Add Trigger RControl to TriggerGroup Event.Keys
[06:21:42.409]<debug> : <TriggerGroup> Add Trigger Return to TriggerGroup Event.Keys
[06:21:42.409]<debug> : <TriggerGroup> Add Trigger RShift to TriggerGroup Event.Keys
[06:21:42.410]<debug> : <TriggerGroup> Add Trigger Semicolon to TriggerGroup Event.Keys
[06:21:42.410]<debug> : <TriggerGroup> Add Trigger Slash to TriggerGroup Event.Keys
[06:21:42.411]<debug> : <TriggerGroup> Add Trigger Space to TriggerGroup Event.Keys
[06:21:42.411]<debug> : <TriggerGroup> Add Trigger Subtract to TriggerGroup Event.Keys
[06:21:42.411]<debug> : <TriggerGroup> Add Trigger Tab to TriggerGroup Event.Keys
[06:21:42.412]<debug> : <TriggerGroup> Add Trigger Tilde to TriggerGroup Event.Keys
[06:21:42.412]<debug> : <InputManager> Adding Context 'game'
[06:21:42.413]<debug> : <Engine> Window configuration : {
    fullscreen: true,
    width: "fill",
    height: "fill",
    title: "MyGame"
}
[06:21:42.413]<debug> : <TriggerManager> Creating TriggerGroup Cursor in Namespace Event
[06:21:42.414]<debug> : <TriggerGroup> Add Trigger Move to TriggerGroup Event.Cursor
[06:21:42.414]<debug> : <TriggerGroup> Add Trigger Press to TriggerGroup Event.Cursor
[06:21:42.415]<debug> : <TriggerGroup> Add Trigger Release to TriggerGroup Event.Cursor
[06:21:42.415]<debug> : <TriggerGroup> Add Trigger Hold to TriggerGroup Event.Cursor
[06:21:42.418]<info> : Framerate parameters : 60 FPS capped, V-sync enabled, Update Lock enabled
[06:21:42.418]<info> : <Bindings> Checking Plugins on Mounted Path : 
[06:21:42.419]<info> : <System:Plugin> : Loading Plugin 'PUT YOUR PLUGINS HERE' ...
[06:21:42.486]<warning> : <System:Plugin> : Unloadable Plugin : 'PUT YOUR PLUGINS HERE' (Reason : ERROR: Cannot open dynamic library: FATAL ERROR: no error!)
[06:21:42.492]<info> : <System:Plugin> : Loaded : 'PUT YOUR PLUGINS HERE'
[06:21:42.492]<debug> : <TriggerManager> Creating TriggerGroup Scene in Namespace Event
[06:21:42.492]<debug> : <TriggerManager> Creating Namespace Map in TriggerManager
[06:21:42.493]<debug> : <TriggerGroup> Add Trigger Loaded to TriggerGroup Event.Scene
[06:21:42.495]<debug> : <Scene> Cleaning GameObject Array
[06:21:42.495]<debug> : <Scene> Cleaning Sprite Array
[06:21:42.496]<debug> : <Scene> Cleaning Sprite Array
[06:21:42.496]<debug> : <Scene> Clearing MapScript Array
[06:21:42.497]<debug> : <Scene> Scene Cleared !
[06:21:42.497]<debug> : <TriggerManager> Removing TriggerGroup Cursor from Namespace Event
[06:21:42.498]<debug> : <TriggerManager> Removing TriggerGroup Scene from Namespace Event
[06:21:42.502]<debug> : <EventNamespace> Removing EventGroup 'Game' from Namespace 'Event'
[06:21:42.503]<debug> : <TriggerManager> Removing TriggerGroup Keys from Namespace Event
[06:21:42.503]<debug> : <TriggerManager> Removing TriggerGroup Actions from Namespace Event
[06:21:42.514]<debug> : Engine has been correctly cleaned
[06:21:42.514]<debug> : <AudioManager> Cleaning AudioManager
[06:21:42.529]<error> : Exception [BootScriptMissing] occured
  In file: 'D:\Dev\Obidog\ObEngineSource\src\Core\Engine\Engine.cpp' (line 273)
  In function: run
  Error: Unable to find a 'boot.lua' file which is required to start the engine
  Hint: ObEngine tried to fetch the 'boot.lua' file from the following locations : ()

[06:21:42.530]<error> : Error occured while running ObEngine
